<?xml version="1.0" encoding="UTF-8"?>
<!-- Generated by org.testng.reporters.JUnitReportReporter -->
<testsuite hostname="DESKTOP-4UV4EN7" failures="0" tests="3" name="API.APITest" time="1.278" errors="0" timestamp="2022-10-11T16:14:34 CEST" skipped="0">
  <testcase classname="API.APITest" name="putWeatherCondition" time="0.117"/>
  <system-out/>
  <testcase classname="API.APITest" name="putTemperature" time="0.173"/>
  <system-out/>
  <testcase classname="API.APITest" name="getWeatherInfo" time="0.988"/>
  <system-out/>
</testsuite> <!-- API.APITest -->
